This file contains any messages produced by compilers while
running configure, to aid debugging if configure makes a mistake.

It was created by setup-tmpdirs, which was
generated by GNU Autoconf 2.59.  Invocation command line was

  $ /tmp/scratch/gt/setup/globus//setup-tmpdirs 

## --------- ##
## Platform. ##
## --------- ##

hostname = localhost.localdomain
uname -m = i686
uname -r = 2.6.9-67.EL
uname -s = Linux
uname -v = #1 Wed Nov 7 13:41:13 EST 2007

/usr/bin/uname -p = unknown
/bin/uname -X     = unknown

/bin/arch              = i686
/usr/bin/arch -k       = unknown
/usr/convex/getsysinfo = unknown
hostinfo               = unknown
/bin/machine           = unknown
/usr/bin/oslevel       = unknown
/bin/universe          = unknown

PATH: /tmp/scratch/openssl/bin
PATH: /usr/kerberos/sbin
PATH: /usr/kerberos/bin
PATH: /usr/local/sbin
PATH: /usr/local/bin
PATH: /sbin
PATH: /bin
PATH: /usr/sbin
PATH: /usr/bin
PATH: /usr/X11R6/bin
PATH: /root/bin


## ----------- ##
## Core tests. ##
## ----------- ##

setup-tmpdirs:1399: creating ./config.status

## ---------------------- ##
## Running config.status. ##
## ---------------------- ##

This file was extended by config.status, which was
generated by GNU Autoconf 2.59.  Invocation command line was

  CONFIG_FILES    = 
  CONFIG_HEADERS  = 
  CONFIG_LINKS    = 
  CONFIG_COMMANDS = 
  $ ./config.status 

on localhost.localdomain

config.status:628: creating globus-script-initializer
config.status:628: creating Paths.pm

## ---------------- ##
## Cache variables. ##
## ---------------- ##

ac_cv_env_build_alias_set=
ac_cv_env_build_alias_value=
ac_cv_env_host_alias_set=
ac_cv_env_host_alias_value=
ac_cv_env_target_alias_set=
ac_cv_env_target_alias_value=

## ----------------- ##
## Output variables. ##
## ----------------- ##

DEFS='-DPACKAGE_NAME=\"\" -DPACKAGE_TARNAME=\"\" -DPACKAGE_VERSION=\"\" -DPACKAGE_STRING=\"\" -DPACKAGE_BUGREPORT=\"\" '
ECHO_C=''
ECHO_N='-n'
ECHO_T=''
LIBOBJS=''
LIBS=''
LTLIBOBJS=''
PACKAGE_BUGREPORT=''
PACKAGE_NAME=''
PACKAGE_STRING=''
PACKAGE_TARNAME=''
PACKAGE_VERSION=''
PATH_SEPARATOR=':'
SHELL='/bin/sh'
bindir='${exec_prefix}/bin'
build_alias=''
datadir='${prefix}/share'
exec_prefix='${prefix}'
host_alias=''
includedir='${prefix}/include'
infodir='${prefix}/info'
libdir='${exec_prefix}/lib'
libexecdir='${exec_prefix}/libexec'
local_tmpdir='/tmp'
localstatedir='${prefix}/var'
mandir='${prefix}/man'
oldincludedir='/usr/include'
prefix='/usr/local'
program_transform_name='s,x,x,'
sbindir='${exec_prefix}/sbin'
secure_tmpdir='/tmp/scratch/gt/tmp'
sharedstatedir='${prefix}/com'
sysconfdir='${prefix}/etc'
target_alias=''
tmpdir='/tmp'

## ----------- ##
## confdefs.h. ##
## ----------- ##

#define PACKAGE_BUGREPORT ""
#define PACKAGE_NAME ""
#define PACKAGE_STRING ""
#define PACKAGE_TARNAME ""
#define PACKAGE_VERSION ""

setup-tmpdirs: exit 0
